2018-11-14 14:34:13,537 - __main__ - CRITICAL - started logger
2018-11-14 14:34:16,389 - __main__ - INFO - Created Stepscan Instance
2018-11-14 14:36:06,827 - __main__ - CRITICAL - started logger
2018-11-14 14:39:24,341 - __main__ - CRITICAL - started logger
2018-11-14 14:39:26,465 - __main__ - INFO - Created Stepscan Instance
2018-11-14 14:51:20,187 - __main__ - CRITICAL - started logger
2018-11-14 14:51:22,364 - __main__ - INFO - Created Stepscan Instance
2018-11-14 14:52:20,586 - __main__ - CRITICAL - started logger
2018-11-14 14:52:22,724 - __main__ - INFO - Created Stepscan Instance
2018-11-14 15:00:20,698 - __main__ - CRITICAL - started logger
2018-11-14 15:00:26,172 - __main__ - CRITICAL - started logger
2018-11-14 15:00:35,340 - __main__ - CRITICAL - started logger
2018-11-14 15:00:37,513 - __main__ - INFO - Created Stepscan Instance
started logger
Created Stepscan Instance
created instance of Experiment
Created instance of StepScan.
Created instance of Generic instrument.
Created instance of fake LockInAmplifier.
Added lockin as instance of <instruments.lockinamplifier.LockInAmplifier object at 0x000002122AF09470>
Created instance of Generic instrument.
Added delay_stage as instance of <instruments.delaystage.DelayStage object at 0x000002122AF09AC8>
Created instance of Generic instrument.
Created instance of fake Cryostat.
Added cryo as instance of <instruments.cryostat.Cryostat object at 0x000002122AF09B38>
Added parameter iteration:
	- Instrument: <instruments.cryostat.Cryostat object at 0x000002122AF09B38>
	- Method: change_temperature
	- Values: [10, 20]
Changed number of averages to 2
Stage positions changed: 30 steps
Current stage_positions configuration: 30 steps from -1.0 to 10.0 with max resolution 0
Changed time zero to 5.23
Created file D:\data\FemtoScan\data\unknown measurement Wed Nov 14 15-08-04 2018.h5
getting attribute time_constant from <instruments.lockinamplifier.LockInAmplifier object at 0x000002122AF09470>
Setup of file D:\data\FemtoScan\data\unknown measurement Wed Nov 14 15-08-04 2018.h5 is complete
found lockin as <class 'instruments.lockinamplifier.LockInAmplifier'>
found delay_stage as <class 'instruments.delaystage.DelayStage'>
Creating Thread
Created a "Worker" instance
Created a "Worker" instance
worker has all it needs. Ready to measure_avg!
Initialized worker with single scan steps: 60
Thread initialized: moving to new thread
connecting
starting
main thread idle. waiting for thread death signal...
worker started working
Progress Counter initialized: 120 loop steps expected
starting measurement loop!
Changing parameter
setting parameters for iteration [0]:
changing <instruments.cryostat.Cryostat object at 0x000002122AF09B38>.change_temperature to 10
---- New measurement started ----
Connected Fake LockInAmplifier amplifier.
scanning average n 0
No readout of stage position. saving with nominal value 4.23
Someone asked if I'm connected... yes! I am
Measuring (fake) parameters ['X', 'Y'], returning dict
waiting dwell time of 0.30000000000000004
Measured values: {'X': 1.2545947285051717, 'Y': -1.1146686274067854, 'pos': 4.23, 'real_pos': 4.23}
Progress incremented to 0.8333333333333334, step 1/120
current_step: 0.833% step 1 of 120
No readout of stage position. saving with nominal value 4.609310344827587
Someone asked if I'm connected... yes! I am
Measuring (fake) parameters ['X', 'Y'], returning dict
waiting dwell time of 0.30000000000000004
Measured values: {'X': -1.0301609813019112, 'Y': 0.21215487374920142, 'pos': 4.609310344827587, 'real_pos': 4.609310344827587}
Progress incremented to 1.6666666666666667, step 2/120
current_step: 1.667% step 2 of 120
No readout of stage position. saving with nominal value 4.988620689655173
Someone asked if I'm connected... yes! I am
Measuring (fake) parameters ['X', 'Y'], returning dict
waiting dwell time of 0.30000000000000004
Measured values: {'X': 0.2804601162083734, 'Y': 1.400101821643188, 'pos': 4.988620689655173, 'real_pos': 4.988620689655173}
Progress incremented to 2.5, step 3/120
current_step: 2.500% step 3 of 120
No readout of stage position. saving with nominal value 5.367931034482758
Someone asked if I'm connected... yes! I am
Measuring (fake) parameters ['X', 'Y'], returning dict
waiting dwell time of 0.30000000000000004
Measured values: {'X': 0.606456075317063, 'Y': -1.143365584477335, 'pos': 5.367931034482758, 'real_pos': 5.367931034482758}
Progress incremented to 3.3333333333333335, step 4/120
current_step: 3.333% step 4 of 120
No readout of stage position. saving with nominal value 5.747241379310346
Someone asked if I'm connected... yes! I am
Measuring (fake) parameters ['X', 'Y'], returning dict
waiting dwell time of 0.30000000000000004
Measured values: {'X': 0.4940556419694553, 'Y': -0.9073504537310361, 'pos': 5.747241379310346, 'real_pos': 5.747241379310346}
Progress incremented to 4.166666666666667, step 5/120
current_step: 4.167% step 5 of 120
No readout of stage position. saving with nominal value 6.126551724137931
Someone asked if I'm connected... yes! I am
Measuring (fake) parameters ['X', 'Y'], returning dict
waiting dwell time of 0.30000000000000004
Measured values: {'X': -0.993395574257223, 'Y': 0.6631148168561678, 'pos': 6.126551724137931, 'real_pos': 6.126551724137931}
Progress incremented to 5.0, step 6/120
current_step: 5.000% step 6 of 120
No readout of stage position. saving with nominal value 6.505862068965517
Someone asked if I'm connected... yes! I am
Measuring (fake) parameters ['X', 'Y'], returning dict
waiting dwell time of 0.30000000000000004
Measured values: {'X': -1.0252868208920836, 'Y': -0.029303006446917235, 'pos': 6.505862068965517, 'real_pos': 6.505862068965517}
Progress incremented to 5.833333333333333, step 7/120
current_step: 5.833% step 7 of 120
No readout of stage position. saving with nominal value 6.885172413793104
Someone asked if I'm connected... yes! I am
Measuring (fake) parameters ['X', 'Y'], returning dict
waiting dwell time of 0.30000000000000004
Measured values: {'X': 0.04377896614329037, 'Y': 1.7208608904561082, 'pos': 6.885172413793104, 'real_pos': 6.885172413793104}
Progress incremented to 6.666666666666667, step 8/120
current_step: 6.667% step 8 of 120
No readout of stage position. saving with nominal value 7.26448275862069
Someone asked if I'm connected... yes! I am
Measuring (fake) parameters ['X', 'Y'], returning dict
waiting dwell time of 0.30000000000000004
Measured values: {'X': -1.625170300624958, 'Y': 0.8523807772172197, 'pos': 7.26448275862069, 'real_pos': 7.26448275862069}
Progress incremented to 7.5, step 9/120
current_step: 7.500% step 9 of 120
No readout of stage position. saving with nominal value 7.643793103448276
Someone asked if I'm connected... yes! I am
Measuring (fake) parameters ['X', 'Y'], returning dict
waiting dwell time of 0.30000000000000004
Measured values: {'X': 0.8567613852848804, 'Y': 0.21275002296967693, 'pos': 7.643793103448276, 'real_pos': 7.643793103448276}
Progress incremented to 8.333333333333334, step 10/120
current_step: 8.333% step 10 of 120
No readout of stage position. saving with nominal value 8.023103448275862
Someone asked if I'm connected... yes! I am
Measuring (fake) parameters ['X', 'Y'], returning dict
waiting dwell time of 0.30000000000000004
Measured values: {'X': 1.9371139837997082, 'Y': -1.3656264966581164, 'pos': 8.023103448275862, 'real_pos': 8.023103448275862}
Progress incremented to 9.166666666666666, step 11/120
current_step: 9.167% step 11 of 120
No readout of stage position. saving with nominal value 8.402413793103449
Someone asked if I'm connected... yes! I am
Measuring (fake) parameters ['X', 'Y'], returning dict
waiting dwell time of 0.30000000000000004
Measured values: {'X': 0.13874253664860597, 'Y': 0.46967853743542926, 'pos': 8.402413793103449, 'real_pos': 8.402413793103449}
Progress incremented to 10.0, step 12/120
current_step: 10.000% step 12 of 120
No readout of stage position. saving with nominal value 8.781724137931034
Someone asked if I'm connected... yes! I am
Measuring (fake) parameters ['X', 'Y'], returning dict
waiting dwell time of 0.30000000000000004
Measured values: {'X': -0.5474962475381007, 'Y': 0.9283619535908151, 'pos': 8.781724137931034, 'real_pos': 8.781724137931034}
Progress incremented to 10.833333333333334, step 13/120
current_step: 10.833% step 13 of 120
No readout of stage position. saving with nominal value 9.16103448275862
Someone asked if I'm connected... yes! I am
Measuring (fake) parameters ['X', 'Y'], returning dict
waiting dwell time of 0.30000000000000004
Measured values: {'X': -0.01281711733013396, 'Y': 1.4416492563628545, 'pos': 9.16103448275862, 'real_pos': 9.16103448275862}
Progress incremented to 11.666666666666666, step 14/120
current_step: 11.667% step 14 of 120
No readout of stage position. saving with nominal value 9.540344827586207
Someone asked if I'm connected... yes! I am
Measuring (fake) parameters ['X', 'Y'], returning dict
waiting dwell time of 0.30000000000000004
Measured values: {'X': 2.0348166703555126, 'Y': -1.5811608926330245, 'pos': 9.540344827586207, 'real_pos': 9.540344827586207}
Progress incremented to 12.5, step 15/120
current_step: 12.500% step 15 of 120
No readout of stage position. saving with nominal value 9.919655172413794
Someone asked if I'm connected... yes! I am
Measuring (fake) parameters ['X', 'Y'], returning dict
waiting dwell time of 0.30000000000000004
Measured values: {'X': -0.8078296312816307, 'Y': -0.28018007538548695, 'pos': 9.919655172413794, 'real_pos': 9.919655172413794}
Progress incremented to 13.333333333333334, step 16/120
current_step: 13.333% step 16 of 120
No readout of stage position. saving with nominal value 10.29896551724138
Someone asked if I'm connected... yes! I am
Measuring (fake) parameters ['X', 'Y'], returning dict
waiting dwell time of 0.30000000000000004
Measured values: {'X': 2.624573852097438, 'Y': 1.3102210629657127, 'pos': 10.29896551724138, 'real_pos': 10.29896551724138}
Progress incremented to 14.166666666666666, step 17/120
current_step: 14.167% step 17 of 120
No readout of stage position. saving with nominal value 10.678275862068965
Someone asked if I'm connected... yes! I am
Measuring (fake) parameters ['X', 'Y'], returning dict
waiting dwell time of 0.30000000000000004
Measured values: {'X': -0.5878769920621978, 'Y': -0.6239864595032036, 'pos': 10.678275862068965, 'real_pos': 10.678275862068965}
Progress incremented to 15.0, step 18/120
current_step: 15.000% step 18 of 120
No readout of stage position. saving with nominal value 11.057586206896552
Someone asked if I'm connected... yes! I am
Measuring (fake) parameters ['X', 'Y'], returning dict
waiting dwell time of 0.30000000000000004
Measured values: {'X': -0.6366839504387588, 'Y': 0.8825481849772001, 'pos': 11.057586206896552, 'real_pos': 11.057586206896552}
Progress incremented to 15.833333333333334, step 19/120
current_step: 15.833% step 19 of 120
No readout of stage position. saving with nominal value 11.43689655172414
Someone asked if I'm connected... yes! I am
Measuring (fake) parameters ['X', 'Y'], returning dict
waiting dwell time of 0.30000000000000004
Measured values: {'X': 0.2639405259865679, 'Y': -0.18139458327930139, 'pos': 11.43689655172414, 'real_pos': 11.43689655172414}
Progress incremented to 16.666666666666668, step 20/120
current_step: 16.667% step 20 of 120
No readout of stage position. saving with nominal value 11.816206896551725
Someone asked if I'm connected... yes! I am
Measuring (fake) parameters ['X', 'Y'], returning dict
waiting dwell time of 0.30000000000000004
Measured values: {'X': 0.5092109235452409, 'Y': -0.0161485975801881, 'pos': 11.816206896551725, 'real_pos': 11.816206896551725}
Progress incremented to 17.5, step 21/120
current_step: 17.500% step 21 of 120
No readout of stage position. saving with nominal value 12.19551724137931
Someone asked if I'm connected... yes! I am
Measuring (fake) parameters ['X', 'Y'], returning dict
waiting dwell time of 0.30000000000000004
Measured values: {'X': 0.8648969506583462, 'Y': 1.3489929586349483, 'pos': 12.19551724137931, 'real_pos': 12.19551724137931}
Progress incremented to 18.333333333333332, step 22/120
current_step: 18.333% step 22 of 120
No readout of stage position. saving with nominal value 12.574827586206897
Someone asked if I'm connected... yes! I am
Measuring (fake) parameters ['X', 'Y'], returning dict
waiting dwell time of 0.30000000000000004
Measured values: {'X': 0.12681786999605665, 'Y': 1.180366853201426, 'pos': 12.574827586206897, 'real_pos': 12.574827586206897}
Progress incremented to 19.166666666666668, step 23/120
current_step: 19.167% step 23 of 120
No readout of stage position. saving with nominal value 12.954137931034483
Someone asked if I'm connected... yes! I am
Measuring (fake) parameters ['X', 'Y'], returning dict
waiting dwell time of 0.30000000000000004
Measured values: {'X': 0.9912077636219261, 'Y': -0.45977029850177004, 'pos': 12.954137931034483, 'real_pos': 12.954137931034483}
Progress incremented to 20.0, step 24/120
current_step: 20.000% step 24 of 120
No readout of stage position. saving with nominal value 13.333448275862068
Someone asked if I'm connected... yes! I am
Measuring (fake) parameters ['X', 'Y'], returning dict
waiting dwell time of 0.30000000000000004
Measured values: {'X': 0.23995691072256714, 'Y': -0.11249173089546631, 'pos': 13.333448275862068, 'real_pos': 13.333448275862068}
Progress incremented to 20.833333333333332, step 25/120
current_step: 20.833% step 25 of 120
No readout of stage position. saving with nominal value 13.712758620689655
Someone asked if I'm connected... yes! I am
Measuring (fake) parameters ['X', 'Y'], returning dict
waiting dwell time of 0.30000000000000004
Measured values: {'X': 1.623435460273988, 'Y': -1.6834260512572905, 'pos': 13.712758620689655, 'real_pos': 13.712758620689655}
Progress incremented to 21.666666666666668, step 26/120
current_step: 21.667% step 26 of 120
No readout of stage position. saving with nominal value 14.09206896551724
Someone asked if I'm connected... yes! I am
Measuring (fake) parameters ['X', 'Y'], returning dict
waiting dwell time of 0.30000000000000004
Measured values: {'X': 0.57481160952159, 'Y': -0.1452994969455033, 'pos': 14.09206896551724, 'real_pos': 14.09206896551724}
Progress incremented to 22.5, step 27/120
current_step: 22.500% step 27 of 120
No readout of stage position. saving with nominal value 14.471379310344828
Someone asked if I'm connected... yes! I am
Measuring (fake) parameters ['X', 'Y'], returning dict
waiting dwell time of 0.30000000000000004
Measured values: {'X': 0.02612970824456024, 'Y': -2.284508777560645, 'pos': 14.471379310344828, 'real_pos': 14.471379310344828}
Progress incremented to 23.333333333333332, step 28/120
current_step: 23.333% step 28 of 120
No readout of stage position. saving with nominal value 14.850689655172413
Someone asked if I'm connected... yes! I am
Measuring (fake) parameters ['X', 'Y'], returning dict
waiting dwell time of 0.30000000000000004
Measured values: {'X': -1.1744910856969188, 'Y': -1.3647216244959428, 'pos': 14.850689655172413, 'real_pos': 14.850689655172413}
Progress incremented to 24.166666666666668, step 29/120
current_step: 24.167% step 29 of 120
No readout of stage position. saving with nominal value 15.23
Someone asked if I'm connected... yes! I am
Measuring (fake) parameters ['X', 'Y'], returning dict
waiting dwell time of 0.30000000000000004
Measured values: {'X': -0.1805678516823639, 'Y': 0.8110048160965583, 'pos': 15.23, 'real_pos': 15.23}
Progress incremented to 25.0, step 30/120
current_step: 25.000% step 30 of 120
writted data to file.
Disconnected Fake LockInAmplifier amplifier.
Connected Fake LockInAmplifier amplifier.
scanning average n 1
No readout of stage position. saving with nominal value 4.23
Someone asked if I'm connected... yes! I am
Measuring (fake) parameters ['X', 'Y'], returning dict
waiting dwell time of 0.30000000000000004
Measured values: {'X': -1.1434881261959748, 'Y': 0.89068139792797, 'pos': 4.23, 'real_pos': 4.23}
Progress incremented to 25.833333333333332, step 31/120
current_step: 25.833% step 31 of 120
No readout of stage position. saving with nominal value 4.609310344827587
Someone asked if I'm connected... yes! I am
Measuring (fake) parameters ['X', 'Y'], returning dict
waiting dwell time of 0.30000000000000004
Measured values: {'X': 0.9570026652433297, 'Y': 1.28142758854658, 'pos': 4.609310344827587, 'real_pos': 4.609310344827587}
Progress incremented to 26.666666666666668, step 32/120
current_step: 26.667% step 32 of 120
No readout of stage position. saving with nominal value 4.988620689655173
Someone asked if I'm connected... yes! I am
Measuring (fake) parameters ['X', 'Y'], returning dict
waiting dwell time of 0.30000000000000004
Measured values: {'X': -0.8189364661452022, 'Y': -0.9570694384780825, 'pos': 4.988620689655173, 'real_pos': 4.988620689655173}
Progress incremented to 27.5, step 33/120
current_step: 27.500% step 33 of 120
No readout of stage position. saving with nominal value 5.367931034482758
Someone asked if I'm connected... yes! I am
Measuring (fake) parameters ['X', 'Y'], returning dict
waiting dwell time of 0.30000000000000004
Measured values: {'X': -1.2428046040362415, 'Y': -0.3708067005133067, 'pos': 5.367931034482758, 'real_pos': 5.367931034482758}
Progress incremented to 28.333333333333332, step 34/120
current_step: 28.333% step 34 of 120
No readout of stage position. saving with nominal value 5.747241379310346
Someone asked if I'm connected... yes! I am
Measuring (fake) parameters ['X', 'Y'], returning dict
waiting dwell time of 0.30000000000000004
Measured values: {'X': -0.6689773559702074, 'Y': 0.2364365597493133, 'pos': 5.747241379310346, 'real_pos': 5.747241379310346}
Progress incremented to 29.166666666666668, step 35/120
current_step: 29.167% step 35 of 120
No readout of stage position. saving with nominal value 6.126551724137931
Someone asked if I'm connected... yes! I am
Measuring (fake) parameters ['X', 'Y'], returning dict
waiting dwell time of 0.30000000000000004
Measured values: {'X': -1.1383536941245656, 'Y': -0.24328468842125056, 'pos': 6.126551724137931, 'real_pos': 6.126551724137931}
Progress incremented to 30.0, step 36/120
current_step: 30.000% step 36 of 120
No readout of stage position. saving with nominal value 6.505862068965517
Someone asked if I'm connected... yes! I am
Measuring (fake) parameters ['X', 'Y'], returning dict
waiting dwell time of 0.30000000000000004
Measured values: {'X': -2.0348573137730646, 'Y': -0.4905781701639408, 'pos': 6.505862068965517, 'real_pos': 6.505862068965517}
Progress incremented to 30.833333333333332, step 37/120
current_step: 30.833% step 37 of 120
No readout of stage position. saving with nominal value 6.885172413793104
Someone asked if I'm connected... yes! I am
Measuring (fake) parameters ['X', 'Y'], returning dict
waiting dwell time of 0.30000000000000004
Measured values: {'X': 0.5528810170532534, 'Y': 0.25386110263631845, 'pos': 6.885172413793104, 'real_pos': 6.885172413793104}
Progress incremented to 31.666666666666668, step 38/120
current_step: 31.667% step 38 of 120
No readout of stage position. saving with nominal value 7.26448275862069
Someone asked if I'm connected... yes! I am
Measuring (fake) parameters ['X', 'Y'], returning dict
waiting dwell time of 0.30000000000000004
Measured values: {'X': -0.8825457962727985, 'Y': 1.4844988566934676, 'pos': 7.26448275862069, 'real_pos': 7.26448275862069}
Progress incremented to 32.5, step 39/120
current_step: 32.500% step 39 of 120
No readout of stage position. saving with nominal value 7.643793103448276
Someone asked if I'm connected... yes! I am
Measuring (fake) parameters ['X', 'Y'], returning dict
waiting dwell time of 0.30000000000000004
Measured values: {'X': -0.6728781632065453, 'Y': 0.4548288357204006, 'pos': 7.643793103448276, 'real_pos': 7.643793103448276}
Progress incremented to 33.333333333333336, step 40/120
current_step: 33.333% step 40 of 120
No readout of stage position. saving with nominal value 8.023103448275862
Someone asked if I'm connected... yes! I am
Measuring (fake) parameters ['X', 'Y'], returning dict
waiting dwell time of 0.30000000000000004
Measured values: {'X': 0.6786094117206575, 'Y': -0.7226681416360404, 'pos': 8.023103448275862, 'real_pos': 8.023103448275862}
Progress incremented to 34.166666666666664, step 41/120
current_step: 34.167% step 41 of 120
No readout of stage position. saving with nominal value 8.402413793103449
Someone asked if I'm connected... yes! I am
Measuring (fake) parameters ['X', 'Y'], returning dict
waiting dwell time of 0.30000000000000004
Measured values: {'X': -0.044201477356893455, 'Y': -0.5576884736620162, 'pos': 8.402413793103449, 'real_pos': 8.402413793103449}
Progress incremented to 35.0, step 42/120
current_step: 35.000% step 42 of 120
No readout of stage position. saving with nominal value 8.781724137931034
Someone asked if I'm connected... yes! I am
Measuring (fake) parameters ['X', 'Y'], returning dict
waiting dwell time of 0.30000000000000004
Measured values: {'X': -0.09355150305410279, 'Y': 0.4369992135774148, 'pos': 8.781724137931034, 'real_pos': 8.781724137931034}
Progress incremented to 35.833333333333336, step 43/120
current_step: 35.833% step 43 of 120
No readout of stage position. saving with nominal value 9.16103448275862
Someone asked if I'm connected... yes! I am
Measuring (fake) parameters ['X', 'Y'], returning dict
waiting dwell time of 0.30000000000000004
Measured values: {'X': 0.9545781749994239, 'Y': 1.2197250762877598, 'pos': 9.16103448275862, 'real_pos': 9.16103448275862}
Progress incremented to 36.666666666666664, step 44/120
current_step: 36.667% step 44 of 120
No readout of stage position. saving with nominal value 9.540344827586207
Someone asked if I'm connected... yes! I am
Measuring (fake) parameters ['X', 'Y'], returning dict
waiting dwell time of 0.30000000000000004
Measured values: {'X': 0.0973728838144077, 'Y': -0.6093269321708918, 'pos': 9.540344827586207, 'real_pos': 9.540344827586207}
Progress incremented to 37.5, step 45/120
current_step: 37.500% step 45 of 120
No readout of stage position. saving with nominal value 9.919655172413794
Someone asked if I'm connected... yes! I am
Measuring (fake) parameters ['X', 'Y'], returning dict
waiting dwell time of 0.30000000000000004
Measured values: {'X': -0.6832497159519882, 'Y': 0.13205448831718938, 'pos': 9.919655172413794, 'real_pos': 9.919655172413794}
Progress incremented to 38.333333333333336, step 46/120
current_step: 38.333% step 46 of 120
No readout of stage position. saving with nominal value 10.29896551724138
Someone asked if I'm connected... yes! I am
Measuring (fake) parameters ['X', 'Y'], returning dict
waiting dwell time of 0.30000000000000004
Measured values: {'X': 0.8682340098854376, 'Y': 0.5230370489539299, 'pos': 10.29896551724138, 'real_pos': 10.29896551724138}
Progress incremented to 39.166666666666664, step 47/120
current_step: 39.167% step 47 of 120
No readout of stage position. saving with nominal value 10.678275862068965
Someone asked if I'm connected... yes! I am
Measuring (fake) parameters ['X', 'Y'], returning dict
waiting dwell time of 0.30000000000000004
Measured values: {'X': 0.5583624310297747, 'Y': 0.5478762434821596, 'pos': 10.678275862068965, 'real_pos': 10.678275862068965}
Progress incremented to 40.0, step 48/120
current_step: 40.000% step 48 of 120
No readout of stage position. saving with nominal value 11.057586206896552
Someone asked if I'm connected... yes! I am
Measuring (fake) parameters ['X', 'Y'], returning dict
waiting dwell time of 0.30000000000000004
Measured values: {'X': 1.4934424073557657, 'Y': -1.1702664653520187, 'pos': 11.057586206896552, 'real_pos': 11.057586206896552}
Progress incremented to 40.833333333333336, step 49/120
current_step: 40.833% step 49 of 120
No readout of stage position. saving with nominal value 11.43689655172414
Someone asked if I'm connected... yes! I am
Measuring (fake) parameters ['X', 'Y'], returning dict
waiting dwell time of 0.30000000000000004
Measured values: {'X': 0.8438692168288929, 'Y': 1.6478954943216093, 'pos': 11.43689655172414, 'real_pos': 11.43689655172414}
Progress incremented to 41.666666666666664, step 50/120
current_step: 41.667% step 50 of 120
No readout of stage position. saving with nominal value 11.816206896551725
Someone asked if I'm connected... yes! I am
Measuring (fake) parameters ['X', 'Y'], returning dict
waiting dwell time of 0.30000000000000004
Measured values: {'X': -0.017112461546312695, 'Y': 0.483498973785294, 'pos': 11.816206896551725, 'real_pos': 11.816206896551725}
Progress incremented to 42.5, step 51/120
current_step: 42.500% step 51 of 120
No readout of stage position. saving with nominal value 12.19551724137931
Someone asked if I'm connected... yes! I am
Measuring (fake) parameters ['X', 'Y'], returning dict
waiting dwell time of 0.30000000000000004
Measured values: {'X': -0.4269336312762467, 'Y': -0.2497403206405539, 'pos': 12.19551724137931, 'real_pos': 12.19551724137931}
Progress incremented to 43.333333333333336, step 52/120
current_step: 43.333% step 52 of 120
No readout of stage position. saving with nominal value 12.574827586206897
Someone asked if I'm connected... yes! I am
Measuring (fake) parameters ['X', 'Y'], returning dict
waiting dwell time of 0.30000000000000004
Measured values: {'X': -0.11001594694253482, 'Y': 0.5927607730626716, 'pos': 12.574827586206897, 'real_pos': 12.574827586206897}
Progress incremented to 44.166666666666664, step 53/120
current_step: 44.167% step 53 of 120
No readout of stage position. saving with nominal value 12.954137931034483
Someone asked if I'm connected... yes! I am
Measuring (fake) parameters ['X', 'Y'], returning dict
waiting dwell time of 0.30000000000000004
Measured values: {'X': -1.4848555268446695, 'Y': 1.1308835933278674, 'pos': 12.954137931034483, 'real_pos': 12.954137931034483}
Progress incremented to 45.0, step 54/120
current_step: 45.000% step 54 of 120
No readout of stage position. saving with nominal value 13.333448275862068
Someone asked if I'm connected... yes! I am
Measuring (fake) parameters ['X', 'Y'], returning dict
waiting dwell time of 0.30000000000000004
Measured values: {'X': -0.34458220609044865, 'Y': 0.26588196549199655, 'pos': 13.333448275862068, 'real_pos': 13.333448275862068}
Progress incremented to 45.833333333333336, step 55/120
current_step: 45.833% step 55 of 120
No readout of stage position. saving with nominal value 13.712758620689655
Someone asked if I'm connected... yes! I am
Measuring (fake) parameters ['X', 'Y'], returning dict
waiting dwell time of 0.30000000000000004
Measured values: {'X': -0.3433468611998441, 'Y': 2.197127793053854, 'pos': 13.712758620689655, 'real_pos': 13.712758620689655}
Progress incremented to 46.666666666666664, step 56/120
current_step: 46.667% step 56 of 120
No readout of stage position. saving with nominal value 14.09206896551724
Someone asked if I'm connected... yes! I am
Measuring (fake) parameters ['X', 'Y'], returning dict
waiting dwell time of 0.30000000000000004
Measured values: {'X': 0.19493085037455754, 'Y': -0.5393699430754635, 'pos': 14.09206896551724, 'real_pos': 14.09206896551724}
Progress incremented to 47.5, step 57/120
current_step: 47.500% step 57 of 120
No readout of stage position. saving with nominal value 14.471379310344828
Someone asked if I'm connected... yes! I am
Measuring (fake) parameters ['X', 'Y'], returning dict
waiting dwell time of 0.30000000000000004
Measured values: {'X': 0.4565013827064449, 'Y': 1.1745789072796826, 'pos': 14.471379310344828, 'real_pos': 14.471379310344828}
Progress incremented to 48.333333333333336, step 58/120
current_step: 48.333% step 58 of 120
No readout of stage position. saving with nominal value 14.850689655172413
Someone asked if I'm connected... yes! I am
Measuring (fake) parameters ['X', 'Y'], returning dict
waiting dwell time of 0.30000000000000004
Measured values: {'X': -0.23951576575776226, 'Y': -0.6296872849257239, 'pos': 14.850689655172413, 'real_pos': 14.850689655172413}
Progress incremented to 49.166666666666664, step 59/120
current_step: 49.167% step 59 of 120
No readout of stage position. saving with nominal value 15.23
Someone asked if I'm connected... yes! I am
Measuring (fake) parameters ['X', 'Y'], returning dict
waiting dwell time of 0.30000000000000004
Measured values: {'X': -0.7379688614175244, 'Y': -0.0074965502032290415, 'pos': 15.23, 'real_pos': 15.23}
Progress incremented to 50.0, step 60/120
current_step: 50.000% step 60 of 120
writted data to file.
Disconnected Fake LockInAmplifier amplifier.
Changing parameter
setting parameters for iteration [1]:
changing <instruments.cryostat.Cryostat object at 0x000002122AF09B38>.change_temperature to 20
---- New measurement started ----
Connected Fake LockInAmplifier amplifier.
scanning average n 0
No readout of stage position. saving with nominal value 4.23
Someone asked if I'm connected... yes! I am
Measuring (fake) parameters ['X', 'Y'], returning dict
waiting dwell time of 0.30000000000000004
Measured values: {'X': 0.22632942652129512, 'Y': 0.43219213510653637, 'pos': 4.23, 'real_pos': 4.23}
Progress incremented to 50.833333333333336, step 61/120
current_step: 50.833% step 61 of 120
No readout of stage position. saving with nominal value 4.609310344827587
Someone asked if I'm connected... yes! I am
Measuring (fake) parameters ['X', 'Y'], returning dict
waiting dwell time of 0.30000000000000004
Measured values: {'X': 0.717083585949425, 'Y': 1.1157872768181718, 'pos': 4.609310344827587, 'real_pos': 4.609310344827587}
Progress incremented to 51.666666666666664, step 62/120
current_step: 51.667% step 62 of 120
No readout of stage position. saving with nominal value 4.988620689655173
Someone asked if I'm connected... yes! I am
Measuring (fake) parameters ['X', 'Y'], returning dict
waiting dwell time of 0.30000000000000004
Measured values: {'X': 0.9009991491198113, 'Y': 0.11519605464350825, 'pos': 4.988620689655173, 'real_pos': 4.988620689655173}
Progress incremented to 52.5, step 63/120
current_step: 52.500% step 63 of 120
No readout of stage position. saving with nominal value 5.367931034482758
Someone asked if I'm connected... yes! I am
Measuring (fake) parameters ['X', 'Y'], returning dict
waiting dwell time of 0.30000000000000004
Measured values: {'X': 1.734153158770212, 'Y': -2.4281527822403035, 'pos': 5.367931034482758, 'real_pos': 5.367931034482758}
Progress incremented to 53.333333333333336, step 64/120
current_step: 53.333% step 64 of 120
No readout of stage position. saving with nominal value 5.747241379310346
Someone asked if I'm connected... yes! I am
Measuring (fake) parameters ['X', 'Y'], returning dict
waiting dwell time of 0.30000000000000004
Measured values: {'X': -0.8219057751112403, 'Y': -0.5863641146246383, 'pos': 5.747241379310346, 'real_pos': 5.747241379310346}
Progress incremented to 54.166666666666664, step 65/120
current_step: 54.167% step 65 of 120
No readout of stage position. saving with nominal value 6.126551724137931
Someone asked if I'm connected... yes! I am
Measuring (fake) parameters ['X', 'Y'], returning dict
waiting dwell time of 0.30000000000000004
Measured values: {'X': 1.3047201433540248, 'Y': 1.1557211476895215, 'pos': 6.126551724137931, 'real_pos': 6.126551724137931}
Progress incremented to 55.0, step 66/120
current_step: 55.000% step 66 of 120
No readout of stage position. saving with nominal value 6.505862068965517
Someone asked if I'm connected... yes! I am
Measuring (fake) parameters ['X', 'Y'], returning dict
waiting dwell time of 0.30000000000000004
Measured values: {'X': 1.1840648898864945, 'Y': 2.704379583882125, 'pos': 6.505862068965517, 'real_pos': 6.505862068965517}
Progress incremented to 55.833333333333336, step 67/120
current_step: 55.833% step 67 of 120
No readout of stage position. saving with nominal value 6.885172413793104
Someone asked if I'm connected... yes! I am
Measuring (fake) parameters ['X', 'Y'], returning dict
waiting dwell time of 0.30000000000000004
Measured values: {'X': 0.7417828694966783, 'Y': -0.26753875335557237, 'pos': 6.885172413793104, 'real_pos': 6.885172413793104}
Progress incremented to 56.666666666666664, step 68/120
current_step: 56.667% step 68 of 120
No readout of stage position. saving with nominal value 7.26448275862069
Someone asked if I'm connected... yes! I am
Measuring (fake) parameters ['X', 'Y'], returning dict
waiting dwell time of 0.30000000000000004
Measured values: {'X': 1.5649337994225347, 'Y': 1.0712811255023313, 'pos': 7.26448275862069, 'real_pos': 7.26448275862069}
Progress incremented to 57.5, step 69/120
current_step: 57.500% step 69 of 120
No readout of stage position. saving with nominal value 7.643793103448276
Someone asked if I'm connected... yes! I am
Measuring (fake) parameters ['X', 'Y'], returning dict
waiting dwell time of 0.30000000000000004
Measured values: {'X': -1.908944667101226, 'Y': -0.4885485324064934, 'pos': 7.643793103448276, 'real_pos': 7.643793103448276}
Progress incremented to 58.333333333333336, step 70/120
current_step: 58.333% step 70 of 120
No readout of stage position. saving with nominal value 8.023103448275862
Someone asked if I'm connected... yes! I am
Measuring (fake) parameters ['X', 'Y'], returning dict
waiting dwell time of 0.30000000000000004
Measured values: {'X': 1.111579076359747, 'Y': -1.6102676327078107, 'pos': 8.023103448275862, 'real_pos': 8.023103448275862}
Progress incremented to 59.166666666666664, step 71/120
current_step: 59.167% step 71 of 120
No readout of stage position. saving with nominal value 8.402413793103449
Someone asked if I'm connected... yes! I am
Measuring (fake) parameters ['X', 'Y'], returning dict
waiting dwell time of 0.30000000000000004
Measured values: {'X': 0.1009273671992105, 'Y': -0.15124946015471893, 'pos': 8.402413793103449, 'real_pos': 8.402413793103449}
Progress incremented to 60.0, step 72/120
current_step: 60.000% step 72 of 120
No readout of stage position. saving with nominal value 8.781724137931034
Someone asked if I'm connected... yes! I am
Measuring (fake) parameters ['X', 'Y'], returning dict
waiting dwell time of 0.30000000000000004
Measured values: {'X': -1.0731221292802182, 'Y': 0.5725766343750499, 'pos': 8.781724137931034, 'real_pos': 8.781724137931034}
Progress incremented to 60.833333333333336, step 73/120
current_step: 60.833% step 73 of 120
No readout of stage position. saving with nominal value 9.16103448275862
Someone asked if I'm connected... yes! I am
Measuring (fake) parameters ['X', 'Y'], returning dict
waiting dwell time of 0.30000000000000004
Measured values: {'X': 0.10322131260773737, 'Y': 1.2112144344625924, 'pos': 9.16103448275862, 'real_pos': 9.16103448275862}
Progress incremented to 61.666666666666664, step 74/120
current_step: 61.667% step 74 of 120
No readout of stage position. saving with nominal value 9.540344827586207
Someone asked if I'm connected... yes! I am
Measuring (fake) parameters ['X', 'Y'], returning dict
waiting dwell time of 0.30000000000000004
Measured values: {'X': -0.1126299818228432, 'Y': -0.16676006250981942, 'pos': 9.540344827586207, 'real_pos': 9.540344827586207}
Progress incremented to 62.5, step 75/120
current_step: 62.500% step 75 of 120
No readout of stage position. saving with nominal value 9.919655172413794
Someone asked if I'm connected... yes! I am
Measuring (fake) parameters ['X', 'Y'], returning dict
waiting dwell time of 0.30000000000000004
Measured values: {'X': -1.0522449555361748, 'Y': -0.5822558364593899, 'pos': 9.919655172413794, 'real_pos': 9.919655172413794}
Progress incremented to 63.333333333333336, step 76/120
current_step: 63.333% step 76 of 120
No readout of stage position. saving with nominal value 10.29896551724138
Someone asked if I'm connected... yes! I am
Measuring (fake) parameters ['X', 'Y'], returning dict
waiting dwell time of 0.30000000000000004
Measured values: {'X': 0.271279300968754, 'Y': -0.42021310105512955, 'pos': 10.29896551724138, 'real_pos': 10.29896551724138}
Progress incremented to 64.16666666666667, step 77/120
current_step: 64.167% step 77 of 120
No readout of stage position. saving with nominal value 10.678275862068965
Someone asked if I'm connected... yes! I am
Measuring (fake) parameters ['X', 'Y'], returning dict
waiting dwell time of 0.30000000000000004
Measured values: {'X': 0.5630515596476101, 'Y': 0.2666287847252936, 'pos': 10.678275862068965, 'real_pos': 10.678275862068965}
Progress incremented to 65.0, step 78/120
current_step: 65.000% step 78 of 120
No readout of stage position. saving with nominal value 11.057586206896552
Someone asked if I'm connected... yes! I am
Measuring (fake) parameters ['X', 'Y'], returning dict
waiting dwell time of 0.30000000000000004
Measured values: {'X': -0.2372458599722586, 'Y': 2.9874433745264337, 'pos': 11.057586206896552, 'real_pos': 11.057586206896552}
Progress incremented to 65.83333333333333, step 79/120
current_step: 65.833% step 79 of 120
No readout of stage position. saving with nominal value 11.43689655172414
Someone asked if I'm connected... yes! I am
Measuring (fake) parameters ['X', 'Y'], returning dict
waiting dwell time of 0.30000000000000004
Measured values: {'X': -0.1142837231633196, 'Y': -0.5851774050593499, 'pos': 11.43689655172414, 'real_pos': 11.43689655172414}
Progress incremented to 66.66666666666667, step 80/120
current_step: 66.667% step 80 of 120
No readout of stage position. saving with nominal value 11.816206896551725
Someone asked if I'm connected... yes! I am
Measuring (fake) parameters ['X', 'Y'], returning dict
waiting dwell time of 0.30000000000000004
Measured values: {'X': -0.06773359488406748, 'Y': 1.1515766801138418, 'pos': 11.816206896551725, 'real_pos': 11.816206896551725}
Progress incremented to 67.5, step 81/120
current_step: 67.500% step 81 of 120
No readout of stage position. saving with nominal value 12.19551724137931
Someone asked if I'm connected... yes! I am
Measuring (fake) parameters ['X', 'Y'], returning dict
waiting dwell time of 0.30000000000000004
Measured values: {'X': 0.746899900608584, 'Y': 1.0859201182880813, 'pos': 12.19551724137931, 'real_pos': 12.19551724137931}
Progress incremented to 68.33333333333333, step 82/120
current_step: 68.333% step 82 of 120
No readout of stage position. saving with nominal value 12.574827586206897
Someone asked if I'm connected... yes! I am
Measuring (fake) parameters ['X', 'Y'], returning dict
waiting dwell time of 0.30000000000000004
Measured values: {'X': -1.3519314854104014, 'Y': 0.08192963283603379, 'pos': 12.574827586206897, 'real_pos': 12.574827586206897}
Progress incremented to 69.16666666666667, step 83/120
current_step: 69.167% step 83 of 120
No readout of stage position. saving with nominal value 12.954137931034483
Someone asked if I'm connected... yes! I am
Measuring (fake) parameters ['X', 'Y'], returning dict
waiting dwell time of 0.30000000000000004
Measured values: {'X': 0.9802103280146777, 'Y': -1.4118902768520867, 'pos': 12.954137931034483, 'real_pos': 12.954137931034483}
Progress incremented to 70.0, step 84/120
current_step: 70.000% step 84 of 120
No readout of stage position. saving with nominal value 13.333448275862068
Someone asked if I'm connected... yes! I am
Measuring (fake) parameters ['X', 'Y'], returning dict
waiting dwell time of 0.30000000000000004
Measured values: {'X': -0.9720492063065715, 'Y': 0.11022933092471157, 'pos': 13.333448275862068, 'real_pos': 13.333448275862068}
Progress incremented to 70.83333333333333, step 85/120
current_step: 70.833% step 85 of 120
No readout of stage position. saving with nominal value 13.712758620689655
Someone asked if I'm connected... yes! I am
Measuring (fake) parameters ['X', 'Y'], returning dict
waiting dwell time of 0.30000000000000004
Measured values: {'X': 0.7591408322310005, 'Y': -0.7483484915769011, 'pos': 13.712758620689655, 'real_pos': 13.712758620689655}
Progress incremented to 71.66666666666667, step 86/120
current_step: 71.667% step 86 of 120
No readout of stage position. saving with nominal value 14.09206896551724
Someone asked if I'm connected... yes! I am
Measuring (fake) parameters ['X', 'Y'], returning dict
waiting dwell time of 0.30000000000000004
Measured values: {'X': 1.0007651338477428, 'Y': 0.29504383896106123, 'pos': 14.09206896551724, 'real_pos': 14.09206896551724}
Progress incremented to 72.5, step 87/120
current_step: 72.500% step 87 of 120
No readout of stage position. saving with nominal value 14.471379310344828
Someone asked if I'm connected... yes! I am
Measuring (fake) parameters ['X', 'Y'], returning dict
waiting dwell time of 0.30000000000000004
Measured values: {'X': -1.6061522157618098, 'Y': -0.9772346292101783, 'pos': 14.471379310344828, 'real_pos': 14.471379310344828}
Progress incremented to 73.33333333333333, step 88/120
current_step: 73.333% step 88 of 120
No readout of stage position. saving with nominal value 14.850689655172413
Someone asked if I'm connected... yes! I am
Measuring (fake) parameters ['X', 'Y'], returning dict
waiting dwell time of 0.30000000000000004
Measured values: {'X': -0.7468494888949126, 'Y': 1.162555635931307, 'pos': 14.850689655172413, 'real_pos': 14.850689655172413}
Progress incremented to 74.16666666666667, step 89/120
current_step: 74.167% step 89 of 120
No readout of stage position. saving with nominal value 15.23
Someone asked if I'm connected... yes! I am
Measuring (fake) parameters ['X', 'Y'], returning dict
waiting dwell time of 0.30000000000000004
Measured values: {'X': 0.7775163997762603, 'Y': 0.5654997663590163, 'pos': 15.23, 'real_pos': 15.23}
Progress incremented to 75.0, step 90/120
current_step: 75.000% step 90 of 120
writted data to file.
Disconnected Fake LockInAmplifier amplifier.
Connected Fake LockInAmplifier amplifier.
scanning average n 1
No readout of stage position. saving with nominal value 4.23
Someone asked if I'm connected... yes! I am
Measuring (fake) parameters ['X', 'Y'], returning dict
waiting dwell time of 0.30000000000000004
Measured values: {'X': -0.41475061438594474, 'Y': 0.3894151912884586, 'pos': 4.23, 'real_pos': 4.23}
Progress incremented to 75.83333333333333, step 91/120
current_step: 75.833% step 91 of 120
No readout of stage position. saving with nominal value 4.609310344827587
Someone asked if I'm connected... yes! I am
Measuring (fake) parameters ['X', 'Y'], returning dict
waiting dwell time of 0.30000000000000004
Measured values: {'X': 0.3605978937820337, 'Y': 0.16137051839855207, 'pos': 4.609310344827587, 'real_pos': 4.609310344827587}
Progress incremented to 76.66666666666667, step 92/120
current_step: 76.667% step 92 of 120
No readout of stage position. saving with nominal value 4.988620689655173
Someone asked if I'm connected... yes! I am
Measuring (fake) parameters ['X', 'Y'], returning dict
waiting dwell time of 0.30000000000000004
Measured values: {'X': -2.6255590715382326, 'Y': 0.5620690268551959, 'pos': 4.988620689655173, 'real_pos': 4.988620689655173}
Progress incremented to 77.5, step 93/120
current_step: 77.500% step 93 of 120
No readout of stage position. saving with nominal value 5.367931034482758
Someone asked if I'm connected... yes! I am
Measuring (fake) parameters ['X', 'Y'], returning dict
waiting dwell time of 0.30000000000000004
Measured values: {'X': 0.6337263935257386, 'Y': -2.462509774653593, 'pos': 5.367931034482758, 'real_pos': 5.367931034482758}
Progress incremented to 78.33333333333333, step 94/120
current_step: 78.333% step 94 of 120
No readout of stage position. saving with nominal value 5.747241379310346
Someone asked if I'm connected... yes! I am
Measuring (fake) parameters ['X', 'Y'], returning dict
waiting dwell time of 0.30000000000000004
Measured values: {'X': -2.4071780001899428, 'Y': 1.2091426647614871, 'pos': 5.747241379310346, 'real_pos': 5.747241379310346}
Progress incremented to 79.16666666666667, step 95/120
current_step: 79.167% step 95 of 120
No readout of stage position. saving with nominal value 6.126551724137931
Someone asked if I'm connected... yes! I am
Measuring (fake) parameters ['X', 'Y'], returning dict
waiting dwell time of 0.30000000000000004
Measured values: {'X': 1.3797309806927978, 'Y': -0.43237727260463044, 'pos': 6.126551724137931, 'real_pos': 6.126551724137931}
Progress incremented to 80.0, step 96/120
current_step: 80.000% step 96 of 120
No readout of stage position. saving with nominal value 6.505862068965517
Someone asked if I'm connected... yes! I am
Measuring (fake) parameters ['X', 'Y'], returning dict
waiting dwell time of 0.30000000000000004
Measured values: {'X': -0.7750946751226638, 'Y': 0.6613134988417029, 'pos': 6.505862068965517, 'real_pos': 6.505862068965517}
Progress incremented to 80.83333333333333, step 97/120
current_step: 80.833% step 97 of 120
No readout of stage position. saving with nominal value 6.885172413793104
Someone asked if I'm connected... yes! I am
Measuring (fake) parameters ['X', 'Y'], returning dict
waiting dwell time of 0.30000000000000004
Measured values: {'X': 0.09687767011293817, 'Y': -0.05357542390301765, 'pos': 6.885172413793104, 'real_pos': 6.885172413793104}
Progress incremented to 81.66666666666667, step 98/120
current_step: 81.667% step 98 of 120
No readout of stage position. saving with nominal value 7.26448275862069
Someone asked if I'm connected... yes! I am
Measuring (fake) parameters ['X', 'Y'], returning dict
waiting dwell time of 0.30000000000000004
Measured values: {'X': 0.334442039272161, 'Y': 1.2687386337070885, 'pos': 7.26448275862069, 'real_pos': 7.26448275862069}
Progress incremented to 82.5, step 99/120
current_step: 82.500% step 99 of 120
No readout of stage position. saving with nominal value 7.643793103448276
Someone asked if I'm connected... yes! I am
Measuring (fake) parameters ['X', 'Y'], returning dict
waiting dwell time of 0.30000000000000004
Measured values: {'X': 1.2636574750779577, 'Y': -0.2334014941500188, 'pos': 7.643793103448276, 'real_pos': 7.643793103448276}
Progress incremented to 83.33333333333333, step 100/120
current_step: 83.333% step 100 of 120
No readout of stage position. saving with nominal value 8.023103448275862
Someone asked if I'm connected... yes! I am
Measuring (fake) parameters ['X', 'Y'], returning dict
waiting dwell time of 0.30000000000000004
Measured values: {'X': 0.7894473349441204, 'Y': 0.3552332117891528, 'pos': 8.023103448275862, 'real_pos': 8.023103448275862}
Progress incremented to 84.16666666666667, step 101/120
current_step: 84.167% step 101 of 120
No readout of stage position. saving with nominal value 8.402413793103449
Someone asked if I'm connected... yes! I am
Measuring (fake) parameters ['X', 'Y'], returning dict
waiting dwell time of 0.30000000000000004
Measured values: {'X': -1.27603023978767, 'Y': 0.04501303204741324, 'pos': 8.402413793103449, 'real_pos': 8.402413793103449}
Progress incremented to 85.0, step 102/120
current_step: 85.000% step 102 of 120
No readout of stage position. saving with nominal value 8.781724137931034
Someone asked if I'm connected... yes! I am
Measuring (fake) parameters ['X', 'Y'], returning dict
waiting dwell time of 0.30000000000000004
Measured values: {'X': 0.0747577851684121, 'Y': 0.1196921735617272, 'pos': 8.781724137931034, 'real_pos': 8.781724137931034}
Progress incremented to 85.83333333333333, step 103/120
current_step: 85.833% step 103 of 120
No readout of stage position. saving with nominal value 9.16103448275862
Someone asked if I'm connected... yes! I am
Measuring (fake) parameters ['X', 'Y'], returning dict
waiting dwell time of 0.30000000000000004
Measured values: {'X': -1.5709315932005739, 'Y': 0.4625724028471865, 'pos': 9.16103448275862, 'real_pos': 9.16103448275862}
Progress incremented to 86.66666666666667, step 104/120
current_step: 86.667% step 104 of 120
No readout of stage position. saving with nominal value 9.540344827586207
Someone asked if I'm connected... yes! I am
Measuring (fake) parameters ['X', 'Y'], returning dict
waiting dwell time of 0.30000000000000004
Measured values: {'X': 0.766922829162972, 'Y': 0.867589243137935, 'pos': 9.540344827586207, 'real_pos': 9.540344827586207}
Progress incremented to 87.5, step 105/120
current_step: 87.500% step 105 of 120
No readout of stage position. saving with nominal value 9.919655172413794
Someone asked if I'm connected... yes! I am
Measuring (fake) parameters ['X', 'Y'], returning dict
waiting dwell time of 0.30000000000000004
Measured values: {'X': -2.1860225577695953, 'Y': 0.8897363741687678, 'pos': 9.919655172413794, 'real_pos': 9.919655172413794}
Progress incremented to 88.33333333333333, step 106/120
current_step: 88.333% step 106 of 120
No readout of stage position. saving with nominal value 10.29896551724138
Someone asked if I'm connected... yes! I am
Measuring (fake) parameters ['X', 'Y'], returning dict
waiting dwell time of 0.30000000000000004
Measured values: {'X': -2.6759749640724486, 'Y': -0.2546245612190262, 'pos': 10.29896551724138, 'real_pos': 10.29896551724138}
Progress incremented to 89.16666666666667, step 107/120
current_step: 89.167% step 107 of 120
No readout of stage position. saving with nominal value 10.678275862068965
Someone asked if I'm connected... yes! I am
Measuring (fake) parameters ['X', 'Y'], returning dict
waiting dwell time of 0.30000000000000004
Measured values: {'X': -0.3819032211386607, 'Y': -2.19979639780285, 'pos': 10.678275862068965, 'real_pos': 10.678275862068965}
Progress incremented to 90.0, step 108/120
current_step: 90.000% step 108 of 120
No readout of stage position. saving with nominal value 11.057586206896552
Someone asked if I'm connected... yes! I am
Measuring (fake) parameters ['X', 'Y'], returning dict
waiting dwell time of 0.30000000000000004
Measured values: {'X': 0.5143418435922943, 'Y': 0.5466333129994202, 'pos': 11.057586206896552, 'real_pos': 11.057586206896552}
Progress incremented to 90.83333333333333, step 109/120
current_step: 90.833% step 109 of 120
No readout of stage position. saving with nominal value 11.43689655172414
Someone asked if I'm connected... yes! I am
Measuring (fake) parameters ['X', 'Y'], returning dict
waiting dwell time of 0.30000000000000004
Measured values: {'X': 0.07434304318956436, 'Y': 1.148258436628252, 'pos': 11.43689655172414, 'real_pos': 11.43689655172414}
Progress incremented to 91.66666666666667, step 110/120
current_step: 91.667% step 110 of 120
No readout of stage position. saving with nominal value 11.816206896551725
Someone asked if I'm connected... yes! I am
Measuring (fake) parameters ['X', 'Y'], returning dict
waiting dwell time of 0.30000000000000004
Measured values: {'X': -0.15123223363439456, 'Y': -0.25981191807957293, 'pos': 11.816206896551725, 'real_pos': 11.816206896551725}
Progress incremented to 92.5, step 111/120
current_step: 92.500% step 111 of 120
No readout of stage position. saving with nominal value 12.19551724137931
Someone asked if I'm connected... yes! I am
Measuring (fake) parameters ['X', 'Y'], returning dict
waiting dwell time of 0.30000000000000004
Measured values: {'X': -0.29972969077694356, 'Y': 1.2922674157955754, 'pos': 12.19551724137931, 'real_pos': 12.19551724137931}
Progress incremented to 93.33333333333333, step 112/120
current_step: 93.333% step 112 of 120
No readout of stage position. saving with nominal value 12.574827586206897
Someone asked if I'm connected... yes! I am
Measuring (fake) parameters ['X', 'Y'], returning dict
waiting dwell time of 0.30000000000000004
Measured values: {'X': 1.1722805565611407, 'Y': -0.9773693277341174, 'pos': 12.574827586206897, 'real_pos': 12.574827586206897}
Progress incremented to 94.16666666666667, step 113/120
current_step: 94.167% step 113 of 120
No readout of stage position. saving with nominal value 12.954137931034483
Someone asked if I'm connected... yes! I am
Measuring (fake) parameters ['X', 'Y'], returning dict
waiting dwell time of 0.30000000000000004
Measured values: {'X': 1.0625311217596145, 'Y': 0.3126303785103344, 'pos': 12.954137931034483, 'real_pos': 12.954137931034483}
Progress incremented to 95.0, step 114/120
current_step: 95.000% step 114 of 120
No readout of stage position. saving with nominal value 13.333448275862068
Someone asked if I'm connected... yes! I am
Measuring (fake) parameters ['X', 'Y'], returning dict
waiting dwell time of 0.30000000000000004
Measured values: {'X': 1.0867087653179324, 'Y': -0.8930558412821464, 'pos': 13.333448275862068, 'real_pos': 13.333448275862068}
Progress incremented to 95.83333333333333, step 115/120
current_step: 95.833% step 115 of 120
No readout of stage position. saving with nominal value 13.712758620689655
Someone asked if I'm connected... yes! I am
Measuring (fake) parameters ['X', 'Y'], returning dict
waiting dwell time of 0.30000000000000004
Measured values: {'X': -1.6716527979135545, 'Y': -0.2404622145274302, 'pos': 13.712758620689655, 'real_pos': 13.712758620689655}
Progress incremented to 96.66666666666667, step 116/120
current_step: 96.667% step 116 of 120
No readout of stage position. saving with nominal value 14.09206896551724
Someone asked if I'm connected... yes! I am
Measuring (fake) parameters ['X', 'Y'], returning dict
waiting dwell time of 0.30000000000000004
Measured values: {'X': 0.7009721748373381, 'Y': 0.7193255994148401, 'pos': 14.09206896551724, 'real_pos': 14.09206896551724}
Progress incremented to 97.5, step 117/120
current_step: 97.500% step 117 of 120
No readout of stage position. saving with nominal value 14.471379310344828
Someone asked if I'm connected... yes! I am
Measuring (fake) parameters ['X', 'Y'], returning dict
waiting dwell time of 0.30000000000000004
Measured values: {'X': -1.5798651183701058, 'Y': 0.6937994230269355, 'pos': 14.471379310344828, 'real_pos': 14.471379310344828}
Progress incremented to 98.33333333333333, step 118/120
current_step: 98.333% step 118 of 120
No readout of stage position. saving with nominal value 14.850689655172413
Someone asked if I'm connected... yes! I am
Measuring (fake) parameters ['X', 'Y'], returning dict
waiting dwell time of 0.30000000000000004
Measured values: {'X': 1.8690542481151649, 'Y': -0.07004580321769263, 'pos': 14.850689655172413, 'real_pos': 14.850689655172413}
Progress incremented to 99.16666666666667, step 119/120
current_step: 99.167% step 119 of 120
No readout of stage position. saving with nominal value 15.23
Someone asked if I'm connected... yes! I am
Measuring (fake) parameters ['X', 'Y'], returning dict
waiting dwell time of 0.30000000000000004
Measured values: {'X': 0.7767717099442031, 'Y': -1.3315464173137594, 'pos': 15.23, 'real_pos': 15.23}
Progress incremented to 100.0, step 120/120
current_step: 100.000% step 120 of 120
writted data to file.
Disconnected Fake LockInAmplifier amplifier.
Measurement loop completed
Created instance of StepScan.
Created instance of Generic instrument.
Created instance of fake LockInAmplifier.
Added lockin as instance of <instruments.lockinamplifier.LockInAmplifier object at 0x000001CA1FE69470>
Created instance of Generic instrument.
Added delay_stage as instance of <instruments.delaystage.DelayStage object at 0x000001CA1FE69AC8>
Created instance of Generic instrument.
Created instance of fake Cryostat.
Added cryo as instance of <instruments.cryostat.Cryostat object at 0x000001CA1FE69B38>
Added parameter iteration:
	- Instrument: <instruments.cryostat.Cryostat object at 0x000001CA1FE69B38>
	- Method: change_temperature
	- Values: [10, 20]
Changed number of averages to 2
Stage positions changed: 30 steps
Changed time zero to 5.23
Created file D:\data\FemtoScan\data\unknown measurement Wed Nov 14 15-24-44 2018.h5
getting attribute time_constant from <instruments.lockinamplifier.LockInAmplifier object at 0x000001CA1FE69470>
found lockin as <class 'instruments.lockinamplifier.LockInAmplifier'>
found delay_stage as <class 'instruments.delaystage.DelayStage'>
worker has all it needs. Ready to measure_avg!
Initialized worker with single scan steps: 60
worker started working
Progress Counter initialized: 120 loop steps expected
starting measurement loop!
setting parameters for iteration [0]:
changing <instruments.cryostat.Cryostat object at 0x000001CA1FE69B38>.change_temperature to 10
---- New measurement started ----
Connected Fake LockInAmplifier amplifier.
scanning average n 0
current_step: 0.833% step 1 of 120
current_step: 1.667% step 2 of 120
current_step: 2.500% step 3 of 120
current_step: 3.333% step 4 of 120
current_step: 4.167% step 5 of 120
current_step: 5.000% step 6 of 120
current_step: 5.833% step 7 of 120
current_step: 6.667% step 8 of 120
current_step: 7.500% step 9 of 120
current_step: 8.333% step 10 of 120
current_step: 9.167% step 11 of 120
current_step: 10.000% step 12 of 120
current_step: 10.833% step 13 of 120
current_step: 11.667% step 14 of 120
current_step: 12.500% step 15 of 120
current_step: 13.333% step 16 of 120
current_step: 14.167% step 17 of 120
current_step: 15.000% step 18 of 120
current_step: 15.833% step 19 of 120
current_step: 16.667% step 20 of 120
current_step: 17.500% step 21 of 120
current_step: 18.333% step 22 of 120
current_step: 19.167% step 23 of 120
current_step: 20.000% step 24 of 120
current_step: 20.833% step 25 of 120
current_step: 21.667% step 26 of 120
current_step: 22.500% step 27 of 120
current_step: 23.333% step 28 of 120
current_step: 24.167% step 29 of 120
current_step: 25.000% step 30 of 120
Disconnected Fake LockInAmplifier amplifier.
Connected Fake LockInAmplifier amplifier.
scanning average n 1
current_step: 25.833% step 31 of 120
current_step: 26.667% step 32 of 120
current_step: 27.500% step 33 of 120
current_step: 28.333% step 34 of 120
current_step: 29.167% step 35 of 120
current_step: 30.000% step 36 of 120
current_step: 30.833% step 37 of 120
current_step: 31.667% step 38 of 120
current_step: 32.500% step 39 of 120
current_step: 33.333% step 40 of 120
current_step: 34.167% step 41 of 120
current_step: 35.000% step 42 of 120
current_step: 35.833% step 43 of 120
current_step: 36.667% step 44 of 120
current_step: 37.500% step 45 of 120
current_step: 38.333% step 46 of 120
current_step: 39.167% step 47 of 120
current_step: 40.000% step 48 of 120
current_step: 40.833% step 49 of 120
current_step: 41.667% step 50 of 120
current_step: 42.500% step 51 of 120
current_step: 43.333% step 52 of 120
current_step: 44.167% step 53 of 120
current_step: 45.000% step 54 of 120
current_step: 45.833% step 55 of 120
current_step: 46.667% step 56 of 120
current_step: 47.500% step 57 of 120
current_step: 48.333% step 58 of 120
current_step: 49.167% step 59 of 120
current_step: 50.000% step 60 of 120
Disconnected Fake LockInAmplifier amplifier.
setting parameters for iteration [1]:
changing <instruments.cryostat.Cryostat object at 0x000001CA1FE69B38>.change_temperature to 20
---- New measurement started ----
Connected Fake LockInAmplifier amplifier.
scanning average n 0
current_step: 50.833% step 61 of 120
current_step: 51.667% step 62 of 120
current_step: 52.500% step 63 of 120
current_step: 53.333% step 64 of 120
current_step: 54.167% step 65 of 120
current_step: 55.000% step 66 of 120
current_step: 55.833% step 67 of 120
current_step: 56.667% step 68 of 120
current_step: 57.500% step 69 of 120
current_step: 58.333% step 70 of 120
current_step: 59.167% step 71 of 120
current_step: 60.000% step 72 of 120
current_step: 60.833% step 73 of 120
current_step: 61.667% step 74 of 120
current_step: 62.500% step 75 of 120
current_step: 63.333% step 76 of 120
current_step: 64.167% step 77 of 120
current_step: 65.000% step 78 of 120
current_step: 65.833% step 79 of 120
current_step: 66.667% step 80 of 120
current_step: 67.500% step 81 of 120
current_step: 68.333% step 82 of 120
current_step: 69.167% step 83 of 120
current_step: 70.000% step 84 of 120
current_step: 70.833% step 85 of 120
current_step: 71.667% step 86 of 120
current_step: 72.500% step 87 of 120
current_step: 73.333% step 88 of 120
current_step: 74.167% step 89 of 120
current_step: 75.000% step 90 of 120
Disconnected Fake LockInAmplifier amplifier.
Connected Fake LockInAmplifier amplifier.
scanning average n 1
current_step: 75.833% step 91 of 120
current_step: 76.667% step 92 of 120
current_step: 77.500% step 93 of 120
current_step: 78.333% step 94 of 120
current_step: 79.167% step 95 of 120
current_step: 80.000% step 96 of 120
current_step: 80.833% step 97 of 120
current_step: 81.667% step 98 of 120
current_step: 82.500% step 99 of 120
current_step: 83.333% step 100 of 120
current_step: 84.167% step 101 of 120
current_step: 85.000% step 102 of 120
current_step: 85.833% step 103 of 120
current_step: 86.667% step 104 of 120
current_step: 87.500% step 105 of 120
current_step: 88.333% step 106 of 120
current_step: 89.167% step 107 of 120
current_step: 90.000% step 108 of 120
current_step: 90.833% step 109 of 120
current_step: 91.667% step 110 of 120
current_step: 92.500% step 111 of 120
current_step: 93.333% step 112 of 120
current_step: 94.167% step 113 of 120
current_step: 95.000% step 114 of 120
current_step: 95.833% step 115 of 120
current_step: 96.667% step 116 of 120
current_step: 97.500% step 117 of 120
current_step: 98.333% step 118 of 120
current_step: 99.167% step 119 of 120
current_step: 100.000% step 120 of 120
Disconnected Fake LockInAmplifier amplifier.
Measurement loop completed
Created instance of StepScan.
Created instance of Generic instrument.
Created instance of fake LockInAmplifier.
Added lockin as instance of <instruments.lockinamplifier.LockInAmplifier object at 0x000001E50B279550>
Created instance of Generic instrument.
Added delay_stage as instance of <instruments.delaystage.DelayStage object at 0x000001E50B279BA8>
Created instance of Generic instrument.
Created instance of fake Cryostat.
Added cryo as instance of <instruments.cryostat.Cryostat object at 0x000001E50B279C18>
Added parameter iteration:
	- Instrument: <instruments.cryostat.Cryostat object at 0x000001E50B279C18>
	- Method: change_temperature
	- Values: [10, 20]
Changed number of averages to 2
Stage positions changed: 30 steps
Changed time zero to 5.23
Created file D:\data\FemtoScan\data\unknown measurement Wed Nov 14 15-27-25 2018.h5
getting attribute time_constant from <instruments.lockinamplifier.LockInAmplifier object at 0x000001E50B279550>
found lockin as <class 'instruments.lockinamplifier.LockInAmplifier'>
found delay_stage as <class 'instruments.delaystage.DelayStage'>
worker has all it needs. Ready to measure_avg!
Initialized worker with single scan steps: 60
worker started working
Progress Counter initialized: 120 loop steps expected
starting measurement loop!
setting parameters for iteration [0]:
changing <instruments.cryostat.Cryostat object at 0x000001E50B279C18>.change_temperature to 10
---- New measurement started ----
Connected Fake LockInAmplifier amplifier.
scanning average n 0
current_step: 0.833% step 1 of 120
current_step: 1.667% step 2 of 120
current_step: 2.500% step 3 of 120
current_step: 3.333% step 4 of 120
current_step: 4.167% step 5 of 120
current_step: 5.000% step 6 of 120
current_step: 5.833% step 7 of 120
current_step: 6.667% step 8 of 120
current_step: 7.500% step 9 of 120
current_step: 8.333% step 10 of 120
current_step: 9.167% step 11 of 120
current_step: 10.000% step 12 of 120
current_step: 10.833% step 13 of 120
current_step: 11.667% step 14 of 120
current_step: 12.500% step 15 of 120
current_step: 13.333% step 16 of 120
current_step: 14.167% step 17 of 120
current_step: 15.000% step 18 of 120
current_step: 15.833% step 19 of 120
current_step: 16.667% step 20 of 120
current_step: 17.500% step 21 of 120
current_step: 18.333% step 22 of 120
current_step: 19.167% step 23 of 120
current_step: 20.000% step 24 of 120
current_step: 20.833% step 25 of 120
current_step: 21.667% step 26 of 120
current_step: 22.500% step 27 of 120
current_step: 23.333% step 28 of 120
current_step: 24.167% step 29 of 120
current_step: 25.000% step 30 of 120
Disconnected Fake LockInAmplifier amplifier.
Connected Fake LockInAmplifier amplifier.
scanning average n 1
current_step: 25.833% step 31 of 120
current_step: 26.667% step 32 of 120
current_step: 27.500% step 33 of 120
current_step: 28.333% step 34 of 120
current_step: 29.167% step 35 of 120
current_step: 30.000% step 36 of 120
current_step: 30.833% step 37 of 120
current_step: 31.667% step 38 of 120
current_step: 32.500% step 39 of 120
current_step: 33.333% step 40 of 120
current_step: 34.167% step 41 of 120
current_step: 35.000% step 42 of 120
current_step: 35.833% step 43 of 120
current_step: 36.667% step 44 of 120
current_step: 37.500% step 45 of 120
current_step: 38.333% step 46 of 120
current_step: 39.167% step 47 of 120
current_step: 40.000% step 48 of 120
current_step: 40.833% step 49 of 120
current_step: 41.667% step 50 of 120
current_step: 42.500% step 51 of 120
current_step: 43.333% step 52 of 120
current_step: 44.167% step 53 of 120
current_step: 45.000% step 54 of 120
current_step: 45.833% step 55 of 120
current_step: 46.667% step 56 of 120
current_step: 47.500% step 57 of 120
current_step: 48.333% step 58 of 120
current_step: 49.167% step 59 of 120
current_step: 50.000% step 60 of 120
Disconnected Fake LockInAmplifier amplifier.
setting parameters for iteration [1]:
changing <instruments.cryostat.Cryostat object at 0x000001E50B279C18>.change_temperature to 20
---- New measurement started ----
Connected Fake LockInAmplifier amplifier.
scanning average n 0
current_step: 50.833% step 61 of 120
current_step: 51.667% step 62 of 120
current_step: 52.500% step 63 of 120
current_step: 53.333% step 64 of 120
current_step: 54.167% step 65 of 120
current_step: 55.000% step 66 of 120
current_step: 55.833% step 67 of 120
current_step: 56.667% step 68 of 120
current_step: 57.500% step 69 of 120
current_step: 58.333% step 70 of 120
current_step: 59.167% step 71 of 120
current_step: 60.000% step 72 of 120
current_step: 60.833% step 73 of 120
current_step: 61.667% step 74 of 120
current_step: 62.500% step 75 of 120
current_step: 63.333% step 76 of 120
current_step: 64.167% step 77 of 120
current_step: 65.000% step 78 of 120
current_step: 65.833% step 79 of 120
current_step: 66.667% step 80 of 120
current_step: 67.500% step 81 of 120
current_step: 68.333% step 82 of 120
current_step: 69.167% step 83 of 120
current_step: 70.000% step 84 of 120
current_step: 70.833% step 85 of 120
current_step: 71.667% step 86 of 120
current_step: 72.500% step 87 of 120
current_step: 73.333% step 88 of 120
current_step: 74.167% step 89 of 120
current_step: 75.000% step 90 of 120
Disconnected Fake LockInAmplifier amplifier.
Connected Fake LockInAmplifier amplifier.
scanning average n 1
current_step: 75.833% step 91 of 120
current_step: 76.667% step 92 of 120
current_step: 77.500% step 93 of 120
current_step: 78.333% step 94 of 120
current_step: 79.167% step 95 of 120
current_step: 80.000% step 96 of 120
current_step: 80.833% step 97 of 120
current_step: 81.667% step 98 of 120
current_step: 82.500% step 99 of 120
current_step: 83.333% step 100 of 120
current_step: 84.167% step 101 of 120
current_step: 85.000% step 102 of 120
current_step: 85.833% step 103 of 120
current_step: 86.667% step 104 of 120
current_step: 87.500% step 105 of 120
current_step: 88.333% step 106 of 120
current_step: 89.167% step 107 of 120
current_step: 90.000% step 108 of 120
current_step: 90.833% step 109 of 120
current_step: 91.667% step 110 of 120
current_step: 92.500% step 111 of 120
current_step: 93.333% step 112 of 120
current_step: 94.167% step 113 of 120
current_step: 95.000% step 114 of 120
current_step: 95.833% step 115 of 120
current_step: 96.667% step 116 of 120
current_step: 97.500% step 117 of 120
current_step: 98.333% step 118 of 120
current_step: 99.167% step 119 of 120
current_step: 100.000% step 120 of 120
Disconnected Fake LockInAmplifier amplifier.
Measurement loop completed
